
          -------------------------------------------------------
          Amber 20 SANDER                              2020
          -------------------------------------------------------

| Run on 09/26/2020 at 06:56:58

|   Executable path: sander
| Working directory: /home/vaibhav/Documents/amber
|          Hostname: Unknown
  [-O]verwriting output

File Assignments:
|  MDIN: mdin.in                                                               
| MDOUT: mdout.out                                                             
|INPCRD: hair.rst7                                                             
|  PARM: hair.prmtop                                                           
|RESTRT: hair.ncrst                                                            
|  REFC: refc                                                                  
| MDVEL: mdvel                                                                 
| MDFRC: mdfrc                                                                 
|  MDEN: mden                                                                  
| MDCRD: mdcrd                                                                 
|MDINFO: mdinfo                                                                
|  MTMD: mtmd                                                                  
|INPDIP: inpdip                                                                
|RSTDIP: rstdip                                                                
|INPTRA: inptraj                                                               


 Here is the input file:

Hair pin 1: initial minimization prior to MD                                   
 &cntrl                                                                        
  imin   = 1,                                                                  
  maxcyc = 2500,                                                               
  ncyc   = 500,                                                                
  ntb    = 0,                                                                  
  igb    = 0,                                                                  
  cut    = 12                                                                  
 /                                                                             

--------------------------------------------------------------------------------
   1.  RESOURCE   USE: 
--------------------------------------------------------------------------------

| Flags:                                                                        
|    NONPERIODIC   ntb=0 and igb=0: Setting up nonperiodic simulation
|Largest sphere to fit in unit cell has radius =    56.280
| New format PARM file being parsed.
| Version =    1.000 Date = 09/26/20 Time = 06:34:45
 NATOM  =   10160 NTYPES =      16 NBONH =   10010 MBONA  =     161
 NTHETH =     182 MTHETA =     246 NPHIH =     396 MPHIA  =     511
 NHPARM =       0 NPARM  =       0 NNB   =   14469 NRES   =    3324
 NBONA  =     161 NTHETA =     246 NPHIA =     511 NUMBND =      44
 NUMANG =      84 NPTRA  =      62 NATYP =      29 NPHB   =       1
 IFBOX  =       2 NMXRS  =      33 IFCAP =       0 NEXTRA =       0
 NCOPY  =       0


|     Memory Use     Allocated
|     Real             1497174
|     Hollerith          33806
|     Integer           294917
|     Max Pairs        5852160
|     nblistReal        121920
|     nblist Int       2621299
|       Total            47032 kbytes

| Note: 1-4 EEL scale factors are being read from the topology file.

| Note: 1-4 VDW scale factors are being read from the topology file.
| Duplicated    0 dihedrals
| Duplicated    0 dihedrals

     BOX TYPE: TRUNCATED OCTAHEDRON

--------------------------------------------------------------------------------
   2.  CONTROL  DATA  FOR  THE  RUN
--------------------------------------------------------------------------------

DG                                                                              

General flags:
     imin    =       1, nmropt  =       0

Nature and format of input:
     ntx     =       1, irest   =       0, ntrx    =       1

Nature and format of output:
     ntxo    =       2, ntpr    =      50, ntrx    =       1, ntwr    =       1
     iwrap   =       0, ntwx    =       0, ntwv    =       0, ntwe    =       0
     ioutfm  =       1, ntwprt  =       0, idecomp =       0, rbornstat=      0

Potential function:
     ntf     =       1, ntb     =       0, igb     =       0, nsnb    =      25
     ipol    =       0, gbsa    =       0, iesp    =       0
     dielc   =   1.00000, cut     =  12.00000, intdiel =   1.00000

Frozen or restrained atoms:
     ibelly  =       0, ntr     =       0

Energy minimization:
     maxcyc  =    2500, ncyc    =     500, ntmin   =       1
     dx0     =   0.01000, drms    =   0.00010
|  INFO: Old style inpcrd file read


--------------------------------------------------------------------------------
   3.  ATOMIC COORDINATES AND VELOCITIES
--------------------------------------------------------------------------------

DG                                                                              
 begin time read from input coords =     0.000 ps

 Number of triangulated 3-point waters found:     3311

     Sum of charges from parm topology file =  -0.99999996

--------------------------------------------------------------------------------
   4.  RESULTS
--------------------------------------------------------------------------------

 ---------------------------------------------------

     eedmeth=4: Setting switch to one everywhere

 ---------------------------------------------------
| Local SIZE OF NONBOND LIST =    2593022
| TOTAL SIZE OF NONBOND LIST =    2593022


   NSTEP       ENERGY          RMS            GMAX         NAME    NUMBER
      1      -2.2318E+04     4.7168E+01     2.7472E+03     H5'        39

 BOND    =       11.7154  ANGLE   =      890.1933  DIHED      =      184.8643
 VDWAALS =     3731.5592  EEL     =   -27318.4827  HBOND      =        0.0000
 1-4 VDW =     1337.4969  1-4 EEL =    -1155.7797  RESTRAINT  =        0.0000


   NSTEP       ENERGY          RMS            GMAX         NAME    NUMBER
     50      -3.5774E+04     2.0926E+00     2.0331E+01     O        5883

 BOND    =     1862.2425  ANGLE   =       93.4600  DIHED      =      180.6158
 VDWAALS =     3604.9967  EEL     =   -40379.3484  HBOND      =        0.0000
 1-4 VDW =       64.3279  1-4 EEL =    -1200.5300  RESTRAINT  =        0.0000


   NSTEP       ENERGY          RMS            GMAX         NAME    NUMBER
    100      -3.4896E+04     1.4380E+00     2.5901E+01     C6         81

 BOND    =     2039.9520  ANGLE   =       69.7084  DIHED      =      184.6317
 VDWAALS =     4000.8076  EEL     =   -40053.3959  HBOND      =        0.0000
 1-4 VDW =       58.8426  1-4 EEL =    -1196.1638  RESTRAINT  =        0.0000


   NSTEP       ENERGY          RMS            GMAX         NAME    NUMBER
    150      -3.3806E+04     1.1976E+00     2.0506E+01     C2        119

 BOND    =     2133.9246  ANGLE   =       61.0515  DIHED      =      185.6008
 VDWAALS =     4268.0340  EEL     =   -39316.3435  HBOND      =        0.0000
 1-4 VDW =       56.6258  1-4 EEL =    -1195.3384  RESTRAINT  =        0.0000


   NSTEP       ENERGY          RMS            GMAX         NAME    NUMBER
    200      -3.0795E+04     2.1560E+00     1.5980E+01     H1       2008

 BOND    =     2210.3143  ANGLE   =       56.3944  DIHED      =      185.8659
 VDWAALS =     4441.9216  EEL     =   -36550.1946  HBOND      =        0.0000
 1-4 VDW =       54.8665  1-4 EEL =    -1193.8595  RESTRAINT  =        0.0000


   NSTEP       ENERGY          RMS            GMAX         NAME    NUMBER
    250      -3.0440E+04     3.1157E+00     2.3092E+01     H1       2008

 BOND    =     2274.0915  ANGLE   =       53.4258  DIHED      =      186.6967
 VDWAALS =     4605.2612  EEL     =   -36418.1135  HBOND      =        0.0000
 1-4 VDW =       53.6444  1-4 EEL =    -1194.7584  RESTRAINT  =        0.0000


   NSTEP       ENERGY          RMS            GMAX         NAME    NUMBER
    300      -2.9331E+04     1.9469E+00     1.3804E+01     H1       2248

 BOND    =     2284.1897  ANGLE   =       50.4199  DIHED      =      187.1273
 VDWAALS =     4739.0285  EEL     =   -35450.8910  HBOND      =        0.0000
 1-4 VDW =       53.4241  1-4 EEL =    -1194.7077  RESTRAINT  =        0.0000


   NSTEP       ENERGY          RMS            GMAX         NAME    NUMBER
    350      -2.7142E+04     2.6994E+00     2.2303E+01     H1       2248

 BOND    =     2332.7381  ANGLE   =       48.2557  DIHED      =      187.7633
 VDWAALS =     4850.5561  EEL     =   -33420.1063  HBOND      =        0.0000
 1-4 VDW =       52.9221  1-4 EEL =    -1194.1225  RESTRAINT  =        0.0000


   NSTEP       ENERGY          RMS            GMAX         NAME    NUMBER
    400      -2.5141E+04     1.2749E+00     8.6821E+00     O        1866

 BOND    =     2330.1096  ANGLE   =       46.7062  DIHED      =      188.4065
 VDWAALS =     4938.1797  EEL     =   -31503.0247  HBOND      =        0.0000
 1-4 VDW =       52.3688  1-4 EEL =    -1193.6285  RESTRAINT  =        0.0000


   NSTEP       ENERGY          RMS            GMAX         NAME    NUMBER
    450      -2.5281E+04     2.3430E+00     2.0893E+01     H2       4094

 BOND    =     2371.0120  ANGLE   =       45.1298  DIHED      =      188.9784
 VDWAALS =     5019.4173  EEL     =   -31764.7932  HBOND      =        0.0000
 1-4 VDW =       52.2582  1-4 EEL =    -1192.5055  RESTRAINT  =        0.0000


   NSTEP       ENERGY          RMS            GMAX         NAME    NUMBER
    500      -2.3601E+04     1.2123E+00     1.0803E+01     O        7230

 BOND    =     2368.2410  ANGLE   =       44.5187  DIHED      =      189.5863
 VDWAALS =     5093.6169  EEL     =   -30156.1667  HBOND      =        0.0000
 1-4 VDW =       51.9317  1-4 EEL =    -1192.4602  RESTRAINT  =        0.0000


   NSTEP       ENERGY          RMS            GMAX         NAME    NUMBER
    550      -2.4017E+04     4.3334E+00     1.1902E+02     C6        144

 BOND    =     2507.6150  ANGLE   =      105.8666  DIHED      =      220.4992
 VDWAALS =     5661.8425  EEL     =   -31375.7792  HBOND      =        0.0000
 1-4 VDW =       51.2632  1-4 EEL =    -1188.6430  RESTRAINT  =        0.0000


   NSTEP       ENERGY          RMS            GMAX         NAME    NUMBER
    600      -2.1244E+04     2.8308E+00     8.9833E+01     C6        176

 BOND    =     2565.2380  ANGLE   =       73.4934  DIHED      =      202.0935
 VDWAALS =     5591.0004  EEL     =   -28546.6847  HBOND      =        0.0000
 1-4 VDW =       49.5583  1-4 EEL =    -1178.6741  RESTRAINT  =        0.0000


   NSTEP       ENERGY          RMS            GMAX         NAME    NUMBER
    650      -2.4109E+04     3.1786E+00     6.3166E+01     C6         81

 BOND    =     2635.8856  ANGLE   =       67.4982  DIHED      =      195.3038
 VDWAALS =     5851.7870  EEL     =   -31727.3441  HBOND      =        0.0000
 1-4 VDW =       49.7361  1-4 EEL =    -1181.4795  RESTRAINT  =        0.0000


   NSTEP       ENERGY          RMS            GMAX         NAME    NUMBER
    700      -2.0065E+04     2.8949E+00     8.5713E+01     C6        176

 BOND    =     2631.6902  ANGLE   =       75.0488  DIHED      =      195.6814
 VDWAALS =     5757.3637  EEL     =   -27595.2833  HBOND      =        0.0000
 1-4 VDW =       48.7640  1-4 EEL =    -1178.7551  RESTRAINT  =        0.0000


   NSTEP       ENERGY          RMS            GMAX         NAME    NUMBER
    750      -1.8985E+04     3.0578E+00     7.8538E+01     C4        185

 BOND    =     2626.8781  ANGLE   =       74.3650  DIHED      =      195.2411
 VDWAALS =     5907.6966  EEL     =   -26659.2208  HBOND      =        0.0000
 1-4 VDW =       50.1228  1-4 EEL =    -1179.7720  RESTRAINT  =        0.0000


   NSTEP       ENERGY          RMS            GMAX         NAME    NUMBER
    800      -1.9601E+04     3.5074E+00     5.9517E+01     N6        145

 BOND    =     2688.3962  ANGLE   =       81.4161  DIHED      =      194.6162
 VDWAALS =     6027.1442  EEL     =   -27459.9732  HBOND      =        0.0000
 1-4 VDW =       50.3386  1-4 EEL =    -1182.7171  RESTRAINT  =        0.0000


   NSTEP       ENERGY          RMS            GMAX         NAME    NUMBER
    850      -1.8409E+04     2.4640E+00     7.0232E+01     C6         18

 BOND    =     2621.6928  ANGLE   =       63.9736  DIHED      =      193.4186
 VDWAALS =     6008.2733  EEL     =   -26160.1868  HBOND      =        0.0000
 1-4 VDW =       48.0584  1-4 EEL =    -1184.5555  RESTRAINT  =        0.0000


   NSTEP       ENERGY          RMS            GMAX         NAME    NUMBER
    900      -2.0101E+04     3.2729E+00     6.8983E+01     C6        176

 BOND    =     2808.1103  ANGLE   =       83.3247  DIHED      =      195.3523
 VDWAALS =     6121.5164  EEL     =   -28173.3049  HBOND      =        0.0000
 1-4 VDW =       49.0322  1-4 EEL =    -1185.1481  RESTRAINT  =        0.0000


   NSTEP       ENERGY          RMS            GMAX         NAME    NUMBER
    950      -2.0440E+04     3.1128E+00     7.8964E+01     C4        185

 BOND    =     2745.9662  ANGLE   =       69.3112  DIHED      =      194.4410
 VDWAALS =     6170.7157  EEL     =   -28488.2791  HBOND      =        0.0000
 1-4 VDW =       48.9484  1-4 EEL =    -1181.3168  RESTRAINT  =        0.0000


   NSTEP       ENERGY          RMS            GMAX         NAME    NUMBER
   1000      -1.6721E+04     2.8503E+00     6.9313E+01     P           1

 BOND    =     2760.2204  ANGLE   =       90.5398  DIHED      =      196.8141
 VDWAALS =     6202.9944  EEL     =   -24840.1118  HBOND      =        0.0000
 1-4 VDW =       48.8376  1-4 EEL =    -1180.2067  RESTRAINT  =        0.0000


   NSTEP       ENERGY          RMS            GMAX         NAME    NUMBER
   1050      -1.9065E+04     3.1613E+00     9.0439E+01     P           1

 BOND    =     2777.1191  ANGLE   =       70.5451  DIHED      =      195.1022
 VDWAALS =     6308.4506  EEL     =   -27283.2121  HBOND      =        0.0000
 1-4 VDW =       49.0002  1-4 EEL =    -1182.0642  RESTRAINT  =        0.0000


   NSTEP       ENERGY          RMS            GMAX         NAME    NUMBER
   1100      -1.7155E+04     3.0319E+00     6.7577E+01     N4         52

 BOND    =     2736.3005  ANGLE   =       60.5402  DIHED      =      194.9996
 VDWAALS =     6337.4400  EEL     =   -25346.5440  HBOND      =        0.0000
 1-4 VDW =       48.3740  1-4 EEL =    -1186.3121  RESTRAINT  =        0.0000


   NSTEP       ENERGY          RMS            GMAX         NAME    NUMBER
   1150      -1.7357E+04     3.3476E+00     9.0779E+01     N4         52

 BOND    =     2798.6314  ANGLE   =       70.4513  DIHED      =      194.8005
 VDWAALS =     6332.0131  EEL     =   -25616.4555  HBOND      =        0.0000
 1-4 VDW =       48.6730  1-4 EEL =    -1185.1463  RESTRAINT  =        0.0000


   NSTEP       ENERGY          RMS            GMAX         NAME    NUMBER
   1200      -1.6158E+04     2.9193E+00     7.8666E+01     N4         52

 BOND    =     2793.4706  ANGLE   =       77.0834  DIHED      =      194.9865
 VDWAALS =     6319.8525  EEL     =   -24407.7086  HBOND      =        0.0000
 1-4 VDW =       49.0257  1-4 EEL =    -1184.7634  RESTRAINT  =        0.0000


   NSTEP       ENERGY          RMS            GMAX         NAME    NUMBER
   1250      -1.6689E+04     2.6532E+00     5.8087E+01     C5        175

 BOND    =     2780.1147  ANGLE   =       53.2888  DIHED      =      193.1457
 VDWAALS =     6305.3582  EEL     =   -24886.5563  HBOND      =        0.0000
 1-4 VDW =       49.3993  1-4 EEL =    -1183.6114  RESTRAINT  =        0.0000


   NSTEP       ENERGY          RMS            GMAX         NAME    NUMBER
   1300      -1.7975E+04     3.0506E+00     8.3342E+01     C5        175

 BOND    =     2799.8870  ANGLE   =       88.8947  DIHED      =      194.4387
 VDWAALS =     6405.5902  EEL     =   -26333.8276  HBOND      =        0.0000
 1-4 VDW =       49.8903  1-4 EEL =    -1180.1388  RESTRAINT  =        0.0000


   NSTEP       ENERGY          RMS            GMAX         NAME    NUMBER
   1350      -1.9073E+04     3.1657E+00     7.8615E+01     C6        176

 BOND    =     2780.0087  ANGLE   =       65.6437  DIHED      =      193.9080
 VDWAALS =     6547.0679  EEL     =   -27521.1798  HBOND      =        0.0000
 1-4 VDW =       48.9031  1-4 EEL =    -1187.0406  RESTRAINT  =        0.0000


   NSTEP       ENERGY          RMS            GMAX         NAME    NUMBER
   1400      -1.7899E+04     3.0226E+00     7.9712E+01     C6        176

 BOND    =     2884.1705  ANGLE   =       76.2747  DIHED      =      194.3928
 VDWAALS =     6495.8903  EEL     =   -26413.5115  HBOND      =        0.0000
 1-4 VDW =       48.9677  1-4 EEL =    -1184.9529  RESTRAINT  =        0.0000


   NSTEP       ENERGY          RMS            GMAX         NAME    NUMBER
   1450      -1.8332E+04     3.0798E+00     8.8315E+01     C6        176

 BOND    =     2837.3925  ANGLE   =       87.6943  DIHED      =      197.0875
 VDWAALS =     6515.4043  EEL     =   -26834.5201  HBOND      =        0.0000
 1-4 VDW =       49.1759  1-4 EEL =    -1184.1193  RESTRAINT  =        0.0000


   NSTEP       ENERGY          RMS            GMAX         NAME    NUMBER
   1500      -1.8557E+04     2.9160E+00     7.9401E+01     C6        176

 BOND    =     2818.5300  ANGLE   =       73.7750  DIHED      =      195.1789
 VDWAALS =     6544.0472  EEL     =   -27049.8534  HBOND      =        0.0000
 1-4 VDW =       48.4159  1-4 EEL =    -1186.7991  RESTRAINT  =        0.0000


   NSTEP       ENERGY          RMS            GMAX         NAME    NUMBER
   1550      -1.8120E+04     3.1320E+00     7.6426E+01     C6        176

 BOND    =     2781.1497  ANGLE   =       64.5703  DIHED      =      195.5873
 VDWAALS =     6640.3485  EEL     =   -26666.1971  HBOND      =        0.0000
 1-4 VDW =       50.0213  1-4 EEL =    -1185.1975  RESTRAINT  =        0.0000


   NSTEP       ENERGY          RMS            GMAX         NAME    NUMBER
   1600      -1.4401E+04     2.9471E+00     7.4244E+01     O3'       221

 BOND    =     2919.5039  ANGLE   =       95.4765  DIHED      =      196.5771
 VDWAALS =     6509.6974  EEL     =   -22987.4595  HBOND      =        0.0000
 1-4 VDW =       49.3902  1-4 EEL =    -1183.9653  RESTRAINT  =        0.0000


   NSTEP       ENERGY          RMS            GMAX         NAME    NUMBER
   1650      -1.6541E+04     2.5372E+00     6.3996E+01     C4        152

 BOND    =     2886.0476  ANGLE   =       67.7250  DIHED      =      194.3830
 VDWAALS =     6557.8666  EEL     =   -25110.3774  HBOND      =        0.0000
 1-4 VDW =       49.3207  1-4 EEL =    -1185.6539  RESTRAINT  =        0.0000


   NSTEP       ENERGY          RMS            GMAX         NAME    NUMBER
   1700      -1.3761E+04     2.5823E+00     6.2448E+01     C4        152

 BOND    =     2880.1482  ANGLE   =       76.5056  DIHED      =      194.9486
 VDWAALS =     6591.7247  EEL     =   -22368.6262  HBOND      =        0.0000
 1-4 VDW =       49.1571  1-4 EEL =    -1184.7455  RESTRAINT  =        0.0000


   NSTEP       ENERGY          RMS            GMAX         NAME    NUMBER
   1750      -1.2300E+04     2.7353E+00     7.0271E+01     C4        152

 BOND    =     2879.9260  ANGLE   =       77.8136  DIHED      =      195.1199
 VDWAALS =     6623.9928  EEL     =   -20942.5414  HBOND      =        0.0000
 1-4 VDW =       49.3346  1-4 EEL =    -1183.5580  RESTRAINT  =        0.0000


   NSTEP       ENERGY          RMS            GMAX         NAME    NUMBER
   1800      -1.4259E+04     2.6976E+00     6.6519E+01     O3'       221

 BOND    =     2867.5795  ANGLE   =       79.3195  DIHED      =      194.7346
 VDWAALS =     6636.3437  EEL     =   -22903.2913  HBOND      =        0.0000
 1-4 VDW =       49.9836  1-4 EEL =    -1183.3344  RESTRAINT  =        0.0000


   NSTEP       ENERGY          RMS            GMAX         NAME    NUMBER
   1850      -1.1531E+04     2.7942E+00     7.7766E+01     O3'       221

 BOND    =     2874.3441  ANGLE   =       84.7270  DIHED      =      195.1709
 VDWAALS =     6673.7073  EEL     =   -20223.8256  HBOND      =        0.0000
 1-4 VDW =       49.5898  1-4 EEL =    -1185.0561  RESTRAINT  =        0.0000


   NSTEP       ENERGY          RMS            GMAX         NAME    NUMBER
   1900      -1.4407E+04     2.8747E+00     7.4635E+01     O3'       221

 BOND    =     2878.1809  ANGLE   =       85.5266  DIHED      =      195.7622
 VDWAALS =     6664.7974  EEL     =   -23097.3162  HBOND      =        0.0000
 1-4 VDW =       50.5298  1-4 EEL =    -1184.0295  RESTRAINT  =        0.0000


   NSTEP       ENERGY          RMS            GMAX         NAME    NUMBER
   1950      -1.1820E+04     2.9754E+00     8.0619E+01     C6         18

 BOND    =     2906.0983  ANGLE   =       78.5055  DIHED      =      195.4223
 VDWAALS =     6658.9209  EEL     =   -20522.8624  HBOND      =        0.0000
 1-4 VDW =       49.9506  1-4 EEL =    -1186.3933  RESTRAINT  =        0.0000


   NSTEP       ENERGY          RMS            GMAX         NAME    NUMBER
   2000      -1.2173E+04     3.3047E+00     1.0246E+02     C6         18

 BOND    =     2895.3950  ANGLE   =       81.8387  DIHED      =      195.3489
 VDWAALS =     6725.1351  EEL     =   -20938.2201  HBOND      =        0.0000
 1-4 VDW =       51.6140  1-4 EEL =    -1183.8158  RESTRAINT  =        0.0000


   NSTEP       ENERGY          RMS            GMAX         NAME    NUMBER
   2050      -1.3659E+04     3.0871E+00     6.8959E+01     C3'       216

 BOND    =     2845.6436  ANGLE   =       69.1259  DIHED      =      195.6527
 VDWAALS =     6784.1748  EEL     =   -22419.1949  HBOND      =        0.0000
 1-4 VDW =       50.5440  1-4 EEL =    -1185.1517  RESTRAINT  =        0.0000


   NSTEP       ENERGY          RMS            GMAX         NAME    NUMBER
   2100      -1.4330E+04     2.7252E+00     5.8093E+01     H3'       217

 BOND    =     2850.9564  ANGLE   =       73.8151  DIHED      =      195.2389
 VDWAALS =     6738.6472  EEL     =   -23054.8731  HBOND      =        0.0000
 1-4 VDW =       49.9178  1-4 EEL =    -1183.4255  RESTRAINT  =        0.0000


   NSTEP       ENERGY          RMS            GMAX         NAME    NUMBER
   2150      -1.2689E+04     2.6600E+00     6.5953E+01     O3'       221

 BOND    =     2867.5285  ANGLE   =       87.2998  DIHED      =      195.3629
 VDWAALS =     6700.3925  EEL     =   -21403.4122  HBOND      =        0.0000
 1-4 VDW =       50.5369  1-4 EEL =    -1186.2791  RESTRAINT  =        0.0000


   NSTEP       ENERGY          RMS            GMAX         NAME    NUMBER
   2200      -1.5885E+04     3.0934E+00     6.4504E+01     H3'       217

 BOND    =     2868.7765  ANGLE   =       80.6328  DIHED      =      195.6877
 VDWAALS =     6787.2634  EEL     =   -24683.1788  HBOND      =        0.0000
 1-4 VDW =       50.3346  1-4 EEL =    -1184.2828  RESTRAINT  =        0.0000


   NSTEP       ENERGY          RMS            GMAX         NAME    NUMBER
   2250      -1.5192E+04     3.0383E+00     6.6994E+01     C6        176

 BOND    =     2846.1540  ANGLE   =       72.6982  DIHED      =      195.3002
 VDWAALS =     6811.4733  EEL     =   -23981.4597  HBOND      =        0.0000
 1-4 VDW =       50.6951  1-4 EEL =    -1187.2813  RESTRAINT  =        0.0000


   NSTEP       ENERGY          RMS            GMAX         NAME    NUMBER
   2300      -1.3442E+04     2.8902E+00     7.6409E+01     C6        176

 BOND    =     2846.9597  ANGLE   =       81.6311  DIHED      =      195.1707
 VDWAALS =     6753.7092  EEL     =   -22182.9992  HBOND      =        0.0000
 1-4 VDW =       50.0896  1-4 EEL =    -1186.3581  RESTRAINT  =        0.0000


   NSTEP       ENERGY          RMS            GMAX         NAME    NUMBER
   2350      -1.3021E+04     3.0527E+00     5.3508E+01     C3'       216

 BOND    =     2954.9353  ANGLE   =       69.1042  DIHED      =      195.3398
 VDWAALS =     6876.7464  EEL     =   -21980.0882  HBOND      =        0.0000
 1-4 VDW =       51.0126  1-4 EEL =    -1187.6088  RESTRAINT  =        0.0000


   NSTEP       ENERGY          RMS            GMAX         NAME    NUMBER
   2400      -1.3605E+04     3.7617E+00     7.1062E+01     C4         51

 BOND    =     2928.1086  ANGLE   =       75.0220  DIHED      =      195.9448
 VDWAALS =     6910.5607  EEL     =   -22579.4747  HBOND      =        0.0000
 1-4 VDW =       51.1405  1-4 EEL =    -1186.3145  RESTRAINT  =        0.0000


   NSTEP       ENERGY          RMS            GMAX         NAME    NUMBER
   2450      -1.3323E+04     2.8974E+00     6.4569E+01     C6        205

 BOND    =     2806.8902  ANGLE   =       61.0946  DIHED      =      195.8346
 VDWAALS =     6754.9618  EEL     =   -22002.7780  HBOND      =        0.0000
 1-4 VDW =       51.1763  1-4 EEL =    -1190.2607  RESTRAINT  =        0.0000


   NSTEP       ENERGY          RMS            GMAX         NAME    NUMBER
   2500      -1.2881E+04     2.6733E+00     6.9358E+01     C1'       202

 BOND    =     2936.6793  ANGLE   =       73.7127  DIHED      =      196.4792
 VDWAALS =     6784.5289  EEL     =   -21737.4912  HBOND      =        0.0000
 1-4 VDW =       50.6724  1-4 EEL =    -1185.1340  RESTRAINT  =        0.0000


  Maximum number of minimization cycles reached.


                    FINAL RESULTS



   NSTEP       ENERGY          RMS            GMAX         NAME    NUMBER
   2500      -1.2881E+04     2.6733E+00     6.9358E+01     C1'       202

 BOND    =     2936.6793  ANGLE   =       73.7127  DIHED      =      196.4792
 VDWAALS =     6784.5289  EEL     =   -21737.4912  HBOND      =        0.0000
 1-4 VDW =       50.6724  1-4 EEL =    -1185.1340  RESTRAINT  =        0.0000

--------------------------------------------------------------------------------
   5.  TIMINGS
--------------------------------------------------------------------------------

|                Build the list            17.04 (100.0% of List )
|                Other                      0.00 ( 0.01% of List )
|             List time                 17.05 ( 4.26% of Nonbo)
|                   Short_ene time           381.90 (99.82% of Direc)
|                   Other                      0.71 ( 0.18% of Direc)
|                Direct Ewald time        382.61 (100.0% of Ewald)
|                Other                      0.05 ( 0.01% of Ewald)
|             Ewald time               382.66 (95.73% of Nonbo)
|          Nonbond force            399.71 (99.72% of Force)
|          Bond/Angle/Dihedral        1.03 ( 0.26% of Force)
|          Other                      0.07 ( 0.02% of Force)
|       Force time               400.82 (100.0% of Runmd)
|    Runmd Time               400.82 (98.60% of Total)
|    Other                      5.68 ( 1.40% of Total)
| Total time               406.51 (100.0% of ALL  )

| Number of list builds   :        101

| Highest rstack allocated:       2085
| Highest istack allocated:        417
|           Job began  at 06:56:58.420  on 09/26/2020
|           Setup done at 06:56:58.879  on 09/26/2020
|           Run   done at 07:03:44.932  on 09/26/2020
|     wallclock() was called   57735 times

|3D-RISM memory allocation summary
|Type          Maximum        Current   
|Integer       0.00000 GB     0.00000 GB
|Real          0.00000 GB     0.00000 GB
|Logical       0.00000 GB     0.00000 GB
|Character     0.00000 GB     0.00000 GB
|---------------------------------------
|Total         0.00000 GB     0.00000 GB
